<?xml version="1.0" encoding="UTF-8"?>
<testng-results ignored="0" total="1" passed="1" failed="0" skipped="0">
  <reporter-output>
  </reporter-output>
  <suite started-at="2021-01-31T19:11:06 PST" name="Suite" finished-at="2021-01-31T19:11:15 PST" duration-ms="9268">
    <groups>
    </groups>
    <test started-at="2021-01-31T19:11:06 PST" name="Test" finished-at="2021-01-31T19:11:15 PST" duration-ms="9268">
      <class name="com.IntgTest.googTest">
        <test-method is-config="true" signature="beforeClass()[pri:0, instance:com.IntgTest.googTest@145eaa29]" started-at="2021-01-31T19:11:06 PST" name="beforeClass" finished-at="2021-01-31T19:11:09 PST" duration-ms="3069" status="PASS">
          <reporter-output>
          </reporter-output>
        </test-method> <!-- beforeClass -->
        <test-method signature="refreshInstacart()[pri:0, instance:com.IntgTest.googTest@145eaa29]" started-at="2021-01-31T19:11:09 PST" name="refreshInstacart" finished-at="2021-01-31T19:11:14 PST" duration-ms="5352" status="PASS">
          <reporter-output>
          </reporter-output>
        </test-method> <!-- refreshInstacart -->
        <test-method is-config="true" signature="afterClass()[pri:0, instance:com.IntgTest.googTest@145eaa29]" started-at="2021-01-31T19:11:14 PST" name="afterClass" finished-at="2021-01-31T19:11:15 PST" duration-ms="768" status="PASS">
          <reporter-output>
          </reporter-output>
        </test-method> <!-- afterClass -->
      </class> <!-- com.IntgTest.googTest -->
    </test> <!-- Test -->
  </suite> <!-- Suite -->
</testng-results>
